Follow-mark trainer (tiny network)
Pop: 300, evals/genome: 5
Topology: 3→4→3, params: 31
Running for 30 minutes...
GEN    1 | top:     91.5 | avg:     44.5 | best:     91.5 | 344ms | 0s/1800s left
GEN    2 | top:    126.1 | avg:     38.0 | best:    126.1 | 241ms | 1s/1799s left
GEN    3 | top:    113.1 | avg:     37.9 | best:    126.1 | 227ms | 1s/1799s left
GEN    4 | top:    121.7 | avg:     39.0 | best:    126.1 | 282ms | 1s/1799s left
GEN    5 | top:    115.7 | avg:     35.5 | best:    126.1 | 293ms | 1s/1799s left
GEN   10 | top:    140.5 | avg:     37.6 | best:    153.3 | 300ms | 3s/1797s left
GEN   20 | top:    147.6 | avg:     41.5 | best:    159.3 | 287ms | 6s/1794s left
GEN   30 | top:    188.2 | avg:     56.6 | best:    211.4 | 312ms | 9s/1791s left
GEN   40 | top:    181.8 | avg:     59.6 | best:    221.9 | 289ms | 12s/1788s left
GEN   50 | top:    171.5 | avg:     65.7 | best:    221.9 | 293ms | 15s/1785s left
GEN   60 | top:    238.5 | avg:     65.5 | best:    238.5 | 294ms | 18s/1782s left
GEN   70 | top:    182.7 | avg:     74.0 | best:    243.3 | 285ms | 20s/1780s left
GEN   80 | top:    158.8 | avg:     72.1 | best:    243.3 | 325ms | 23s/1777s left
GEN   90 | top:    150.4 | avg:     80.0 | best:    243.3 | 309ms | 27s/1773s left
GEN  100 | top:    171.1 | avg:     86.7 | best:    243.3 | 290ms | 30s/1770s left
GEN  110 | top:    166.8 | avg:     85.6 | best:    243.3 | 302ms | 33s/1767s left
GEN  120 | top:    175.1 | avg:     90.4 | best:    243.3 | 332ms | 36s/1764s left
GEN  130 | top:    163.7 | avg:     90.1 | best:    243.3 | 329ms | 39s/1761s left
GEN  140 | top:    142.1 | avg:     91.4 | best:    243.3 | 314ms | 42s/1758s left
GEN  150 | top:    165.1 | avg:     96.0 | best:    243.3 | 341ms | 45s/1755s left
GEN  160 | top:    179.7 | avg:     94.5 | best:    243.3 | 339ms | 49s/1751s left
GEN  170 | top:    170.1 | avg:     98.9 | best:    243.3 | 451ms | 52s/1748s left
GEN  180 | top:    175.3 | avg:     99.5 | best:    243.3 | 340ms | 56s/1744s left
GEN  190 | top:    166.4 | avg:     99.1 | best:    243.3 | 349ms | 59s/1741s left
GEN  200 | top:    167.1 | avg:     98.9 | best:    243.3 | 328ms | 63s/1737s left
GEN  210 | top:    175.4 | avg:    101.7 | best:    243.3 | 329ms | 66s/1734s left
GEN  220 | top:    171.8 | avg:    100.3 | best:    243.3 | 329ms | 69s/1731s left
GEN  230 | top:    190.0 | avg:    100.6 | best:    243.3 | 309ms | 72s/1728s left
GEN  240 | top:    190.5 | avg:    100.9 | best:    243.3 | 305ms | 75s/1725s left
GEN  250 | top:    191.4 | avg:    105.3 | best:    243.3 | 294ms | 78s/1722s left
GEN  260 | top:    183.5 | avg:    103.0 | best:    243.3 | 294ms | 81s/1719s left
GEN  270 | top:    191.6 | avg:    109.0 | best:    243.3 | 306ms | 84s/1716s left
GEN  280 | top:    185.4 | avg:    112.7 | best:    243.3 | 306ms | 87s/1713s left
GEN  290 | top:    195.5 | avg:    112.1 | best:    243.3 | 340ms | 90s/1710s left
GEN  300 | top:    184.5 | avg:    116.3 | best:    243.3 | 307ms | 94s/1706s left
GEN  310 | top:    198.3 | avg:    117.0 | best:    243.3 | 333ms | 97s/1703s left
GEN  320 | top:    183.9 | avg:    112.4 | best:    243.3 | 306ms | 100s/1700s left
GEN  330 | top:    191.7 | avg:    116.2 | best:    243.3 | 308ms | 103s/1697s left
GEN  340 | top:    208.5 | avg:    118.0 | best:    243.3 | 306ms | 106s/1694s left
GEN  350 | top:    181.1 | avg:    119.0 | best:    243.3 | 296ms | 109s/1691s left
GEN  360 | top:    182.2 | avg:    116.0 | best:    243.3 | 319ms | 112s/1688s left
GEN  370 | top:    197.8 | avg:    118.4 | best:    243.3 | 326ms | 115s/1685s left
GEN  380 | top:    212.0 | avg:    118.1 | best:    243.3 | 350ms | 118s/1682s left
GEN  390 | top:    202.7 | avg:    120.8 | best:    243.3 | 319ms | 122s/1678s left
GEN  400 | top:    188.5 | avg:    120.3 | best:    243.3 | 307ms | 125s/1675s left
GEN  410 | top:    182.0 | avg:    116.4 | best:    243.3 | 317ms | 128s/1672s left
GEN  420 | top:    188.7 | avg:    116.7 | best:    243.3 | 318ms | 131s/1669s left
GEN  430 | top:    201.5 | avg:    120.0 | best:    243.3 | 345ms | 135s/1665s left
GEN  440 | top:    193.5 | avg:    122.8 | best:    243.3 | 307ms | 138s/1662s left
GEN  450 | top:    189.2 | avg:    118.6 | best:    243.3 | 306ms | 141s/1659s left
GEN  460 | top:    183.8 | avg:    121.8 | best:    243.3 | 307ms | 144s/1656s left
GEN  470 | top:    186.3 | avg:    119.4 | best:    243.3 | 380ms | 147s/1653s left
GEN  480 | top:    180.7 | avg:    120.1 | best:    243.3 | 290ms | 150s/1650s left
GEN  490 | top:    194.5 | avg:    122.7 | best:    243.3 | 310ms | 154s/1646s left
GEN  500 | top:    194.7 | avg:    121.3 | best:    243.3 | 307ms | 157s/1643s left
GEN  510 | top:    190.6 | avg:    119.1 | best:    243.3 | 332ms | 160s/1640s left
GEN  520 | top:    183.8 | avg:    121.9 | best:    243.3 | 306ms | 163s/1637s left
GEN  530 | top:    182.4 | avg:    121.0 | best:    243.3 | 306ms | 166s/1634s left
GEN  540 | top:    197.3 | avg:    124.4 | best:    243.3 | 306ms | 169s/1631s left
GEN  550 | top:    202.3 | avg:    123.0 | best:    243.3 | 321ms | 173s/1627s left
GEN  560 | top:    215.1 | avg:    123.2 | best:    243.3 | 296ms | 176s/1624s left
GEN  570 | top:    186.7 | avg:    121.4 | best:    243.3 | 332ms | 179s/1621s left
GEN  580 | top:    187.1 | avg:    122.9 | best:    243.3 | 316ms | 182s/1618s left
GEN  590 | top:    187.5 | avg:    122.2 | best:    243.3 | 312ms | 185s/1615s left
GEN  600 | GEN  300 | top:    440.8 | avg:    213.8 | best:    490.0 | 1732ms | 406s/1394s left
GEN  305 | top:    440.0 | avg:    205.7 | best:    490.0 | 1509ms | 414s/1386s left
GEN  310 | top:    476.1 | avg:    209.3 | best:    490.0 | 1615ms | 422s/1378s left
GEN  315 | top:    445.7 | avg:    213.0 | best:    500.0 | 1716ms | 430s/1370s left
GEN  320 | top:    422.6 | avg:    226.3 | best:    500.0 | 1506ms | 438s/1362s left
GEN  325 | top:    429.3 | avg:    216.1 | best:    500.0 | 1440ms | 445s/1355s left
GEN  330 | top:    447.5 | avg:    222.0 | best:    510.2 | 1447ms | 453s/1347s left
GEN  335 | top:    458.8 | avg:    232.3 | best:    522.7 | 1349ms | 460s/1340s left
GEN  340 | top:    497.2 | avg:    230.6 | best:    522.7 | 1335ms | 466s/1334s left
GEN  345 | top:    453.7 | avg:    224.8 | best:    522.7 | 1381ms | 473s/1327s left
GEN  350 | top:    474.9 | avg:    219.6 | best:    522.7 | 1393ms | 480s/1320s left
GEN  355 | top:    439.6 | avg:    213.2 | best:    522.7 | 1415ms | 487s/1313s left
GEN  360 | top:    477.5 | avg:    236.3 | best:    522.7 | 1383ms | 495s/1305s left
GEN  365 | top:    462.3 | avg:    236.0 | best:    522.7 | 1327ms | 501s/1299s left
GEN  370 | top:    462.0 | avg:    232.3 | best:    522.7 | 1389ms | 508s/1292s left
GEN  375 | top:    460.7 | avg:    229.6 | best:    522.7 | 1490ms | 516s/1284s left
GEN  380 | top:    490.9 | avg:    238.4 | best:    526.7 | 1327ms | 522s/1278s left
GEN  385 | top:    479.3 | avg:    245.6 | best:    526.7 | 1333ms | 529s/1271s left
GEN  390 | top:    494.9 | avg:    249.3 | best:    526.7 | 1329ms | 536s/1264s left
GEN  395 | top:    482.2 | avg:    247.9 | best:    526.7 | 1344ms | 542s/1258s left
GEN  400 | top:    505.0 | avg:    255.6 | best:    526.7 | 1392ms | 549s/1251s left
GEN  405 | top:    501.2 | avg:    256.8 | best:    526.7 | 1733ms | 557s/1243s left
GEN  410 | top:    527.5 | avg:    251.8 | best:    527.5 | 1535ms | 566s/1234s left
GEN  415 | top:    503.3 | avg:    254.3 | best:    527.5 | 1685ms | 574s/1226s left
GEN  420 | top:    491.3 | avg:    264.3 | best:    527.5 | 1421ms | 581s/1219s left
GEN  425 | top:    444.3 | avg:    248.3 | best:    527.5 | 1362ms | 589s/1211s left
GEN  430 | top:    475.1 | avg:    256.8 | best:    527.5 | 1370ms | 596s/1204s left
GEN  435 | top:    479.7 | avg:    256.0 | best:    527.5 | 1390ms | 603s/1197s left
GEN  440 | top:    504.9 | avg:    262.8 | best:    527.5 | 1783ms | 611s/1189s left
GEN  445 | top:    517.6 | avg:    278.1 | best:    535.9 | 1593ms | 619s/1181s left
GEN  450 | top:    427.4 | avg:    252.3 | best:    535.9 | 1575ms | 627s/1173s left
 best:    243.3 | 394ms | 290s/1510s left
GEN  920 | top:    200.3 | avg:    126.6 | best:    243.3 | 395ms | 294s/1506s left
GEN  930 | top:    208.3 | avg:    124.0 | best:    243.3 | 444ms | 298s/1502s left
GEN  940 | top:    219.7 | avg:    127.0 | best:    243.3 | 398ms | 302s/1498s left
GEN  950 | top:    200.5 | avg:    125.8 | best:    243.3 | 341ms | 306s/1494s left
GEN  960 | top:    190.3 | avg:    124.8 | best:    243.3 | 337ms | 309s/1491s left
GEN  970 | top:    188.7 | avg:    124.2 | best:    243.3 | 365ms | 313s/1487s left
GEN  980 | top:    189.1 | avg:    126.5 | best:    243.3 | 317ms | 316s/1484s left
GEN  990 | top:    204.1 | avg:    127.2 | best:    243.3 | 296ms | 319s/1481s left
GEN 1000 | top:    202.4 | avg:    124.7 | best:    243.3 | 306ms | 322s/1478s left
GEN 1010 | top:    201.6 | avg:    125.6 | best:    243.3 | 305ms | 325s/1475s left
GEN 1020 | top:    209.9 | avg:    127.8 | best:    243.3 | 308ms | 328s/1472s left
GEN 1030 | top:    193.1 | avg:    125.8 | best:    243.3 | 318ms | 331s/1469s left
GEN 1040 | top:    199.5 | avg:    122.6 | best:    243.3 | 304ms | 334s/1466s left
GEN 1050 | top:    206.0 | avg:    126.1 | best:    243.3 | 304ms | 337s/1463s left
GEN 1060 | top:    188.6 | avg:    126.7 | best:    243.3 | 308ms | 340s/1460s left
GEN 1070 | top:    198.1 | avg:    126.7 | best:    243.3 | 333ms | 343s/1457s left
GEN 1080 | top:    189.6 | avg:    124.7 | best:    243.3 | 316ms | 347s/1453s left
GEN 1090 | top:    201.9 | avg:    127.2 | best:    243.3 | 320ms | 350s/1450s left
GEN 1100 | top:    205.7 | avg:    126.8 | best:    243.3 | 305ms | 353s/1447s left
GEN 1110 | top:    190.1 | avg:    125.5 | best:    243.3 | 307ms | 356s/1444s left
GEN 1120 | top:    192.7 | avg:    127.7 | best:    243.3 | 379ms | 359s/1441s left
GEN 1130 | top:    211.8 | avg:    128.6 | best:    243.3 | 304ms | 363s/1437s left
GEN 1140 | top:    206.4 | avg:    127.8 | best:    243.3 | 315msGEN  570 | top:    GEN 1150 | top:    202.3 | avg:    124.9 | best:    243.3 | 385ms GEN  575 | top:    185.7 | avg:     86.8 | best:    246.0 | 1412ms | 785s/1015s left
GEN  580 | top:    183.5 | avg:     85.8 | best:    246.0 | 1473ms | 792s/1008s left
GEN  585 | top:    204.4 | avg:     84.0 | best:    246.0 | 1404ms | 799s/1001s left
GEN  590 | top:    241.0 | avg:     86.6 | best:    246.0 | 1646ms | 807s/993s left
GEN  595 | top:    188.9 | avg:     82.9 | best:    246.0 | 1445ms | 814s/986s left
GEN  600 | top:    239.6 | avg:     86.7 | best:    246.0 | 1535ms | 822s/978s left
92s/1408s left
GEN 1220 | top:    198.6 | avg:    127.3 | best:    243.3 | 451ms | 396s/1404s left
GEN 1230 | top:    199.4 | avg:    126.4 | best:    243.3 | 416ms | 401s/1399s left
GEN 1240 | top:    198.2 | avg:    128.6 | best:    243.3 | 379ms | 405s/1395s left
GEN 1250 | top:    203.4 | avg:    125.5 | best:    243.3 | 382ms | 409s/1391s left
GEN 1260 | top:    187.5 | avg:    125.6 | best:    243.3 | 382ms | 412s/1388s left
GEN 1270 | top:    204.9 | avg:    125.6 | best:    243.3 | 316ms | 415s/1385s left
