Param count: 220
No seed found, using warm-start initialization
sep-CMA-ES Brain Trainer (Phase 1: follow moving target)
Topology: 43->5, params: 220
Lambda: 200, mu: 100, mueff: 52.6
Episodes/candidate: 8, frames/episode: 3000
Scenarios: deterministic per generation (seeded PRNG)
Running for 60 minutes...

GEN    1 | top:   -387.6 | avg:  -1974.9 | best:   -387.6 | sigma: 0.1881 | 3147ms | 3s/3597s
GEN    2 | top:    -15.7 | avg:  -1614.1 | best:    -15.7 | sigma: 0.1844 | 2664ms | 6s/3594s
GEN    3 | top:   -130.2 | avg:  -1400.3 | best:    -15.7 | sigma: 0.1851 | 2578ms | 8s/3592s
GEN    5 | top:    -76.4 | avg:   -867.7 | best:    -15.7 | sigma: 0.1939 | 3309ms | 15s/3585s
GEN   10 | top:   -111.9 | avg:   -611.8 | best:    -15.7 | sigma: 0.2221 | 2891ms | 30s/3570s
GEN   15 | top:     -9.2 | avg:   -517.2 | best:     -2.1 | sigma: 0.2675 | 3148ms | 45s/3555s
GEN   20 | top:     39.4 | avg:   -232.4 | best:     39.4 | sigma: 0.3105 | 3059ms | 61s/3539s
GEN   25 | top:    -12.4 | avg:   -293.5 | best:     39.4 | sigma: 0.3497 | 3341ms | 78s/3522s
GEN   30 | top:    -30.5 | avg:   -283.7 | best:     76.8 | sigma: 0.3882 | 2950ms | 93s/3507s
GEN   35 | top:      3.7 | avg:   -184.1 | best:     76.8 | sigma: 0.4411 | 3276ms | 109s/3491s
GEN   40 | top:     -7.5 | avg:   -215.1 | best:     76.8 | sigma: 0.4877 | 3000ms | 125s/3475s
GEN   45 | top:     -7.5 | avg:   -160.1 | best:     76.8 | sigma: 0.5067 | 3087ms | 140s/3460s
GEN   50 | top:     15.8 | avg:   -128.6 | best:     76.8 | sigma: 0.5042 | 3000ms | 156s/3444s
GEN   55 | top:      7.7 | avg:   -112.0 | best:     76.8 | sigma: 0.5349 | 3533ms | 172s/3428s
GEN   60 | top:     -3.6 | avg:   -147.1 | best:     76.8 | sigma: 0.5570 | 3282ms | 189s/3411s
GEN   65 | top:    -20.8 | avg:   -183.2 | best:     76.8 | sigma: 0.5670 | 3042ms | 206s/3394s
GEN   70 | top:      7.4 | avg:    -60.1 | best:     76.8 | sigma: 0.5903 | 3058ms | 223s/3377s
GEN   75 | top:     26.8 | avg:   -102.7 | best:     76.8 | sigma: 0.5987 | 3019ms | 239s/3361s
GEN   80 | top:     34.5 | avg:    -88.2 | best:     76.8 | sigma: 0.5998 | 3191ms | 255s/3345s
GEN   85 | top:    -71.2 | avg:   -304.7 | best:     76.8 | sigma: 0.5903 | 3189ms | 270s/3330s
GEN   90 | top:      0.4 | avg:   -191.9 | best:     76.8 | sigma: 0.5833 | 2749ms | 285s/3315s
GEN   95 | top:     36.1 | avg:    -66.7 | best:     76.8 | sigma: 0.5640 | 2930ms | 301s/3299s
GEN  100 | top:     39.4 | avg:    -78.4 | best:     76.8 | sigma: 0.5697 | 3068ms | 317s/3283s
GEN  105 | top:     33.6 | avg:    -86.7 | best:     76.8 | sigma: 0.5524 | 3205ms | 332s/3268s
GEN  110 | top:     21.7 | avg:   -236.8 | best:     76.8 | sigma: 0.5627 | 3060ms | 347s/3253s
GEN  115 | top:     39.3 | avg:   -120.3 | best:     76.8 | sigma: 0.5503 | 2957ms | 362s/3238s
GEN  120 | top:     40.0 | avg:    -92.8 | best:     76.8 | sigma: 0.5200 | 2886ms | 377s/3223s
GEN  125 | top:     39.8 | avg:    -66.2 | best:     76.8 | sigma: 0.5317 | 3007ms | 392s/3208s
GEN  130 | top:     16.5 | avg:   -114.7 | best:     76.8 | sigma: 0.5366 | 3073ms | 407s/3193s
GEN  135 | top:     36.3 | avg:   -132.0 | best:     76.8 | sigma: 0.5257 | 2956ms | 422s/3178s
GEN  140 | top:     53.1 | avg:    -67.6 | best:     76.8 | sigma: 0.5310 | 3168ms | 437s/3163s
GEN  145 | top:     23.0 | avg:   -187.4 | best:     76.8 | sigma: 0.5616 | 3149ms | 452s/3148s
